-------------------------------------------------------------------------------
Test set: avlTree.AVLTree_ESTest
-------------------------------------------------------------------------------
Tests run: 25, Failures: 0, Errors: 1, Skipped: 0, Time elapsed: 0.617 sec <<< FAILURE!
test01(avlTree.AVLTree_ESTest)  Time elapsed: 0.016 sec  <<< ERROR!
java.lang.StackOverflowError
	at org.evosuite.runtime.LoopCounter.checkLoop(LoopCounter.java:101)
	at avlTree.AVLTree.delete(AVLTree.java:58)
	at avlTree.AVLTree.delete(AVLTree.java:61)
	at avlTree.AVLTree.delete(AVLTree.java:61)
	at avlTree.AVLTree.delete(AVLTree.java:61)
	at avlTree.AVLTree.delete(AVLTree.java:61)
	at avlTree.AVLTree.delete(AVLTree.java:61)
	at avlTree.AVLTree.delete(AVLTree.java:61)
	at avlTree.AVLTree.delete(AVLTree.java:61)
	at avlTree.AVLTree.delete(AVLTree.java:61)
	at avlTree.AVLTree.delete(AVLTree.java:61)
	at avlTree.AVLTree.delete(AVLTree.java:61)
	at avlTree.AVLTree.delete(AVLTree.java:61)
	at avlTree.AVLTree.delete(AVLTree.java:61)
	at avlTree.AVLTree.delete(AVLTree.java:61)
	at avlTree.AVLTree.delete(AVLTree.java:61)
	at avlTree.AVLTree.delete(AVLTree.java:61)
	at avlTree.AVLTree.delete(AVLTree.java:61)
	at avlTree.AVLTree.delete(AVLTree.java:61)
	at avlTree.AVLTree.delete(AVLTree.java:61)
	at avlTree.AVLTree.delete(AVLTree.java:61)
	at avlTree.AVLTree.delete(AVLTree.java:61)
	at avlTree.AVLTree.delete(AVLTree.java:61)
	at avlTree.AVLTree.delete(AVLTree.java:61)
	at avlTree.AVLTree.delete(AVLTree.java:61)
	at avlTree.AVLTree.delete(AVLTree.java:61)
	at avlTree.AVLTree.delete(AVLTree.java:61)
	at avlTree.AVLTree.delete(AVLTree.java:61)
	at avlTree.AVLTree.delete(AVLTree.java:61)
	at avlTree.AVLTree.delete(AVLTree.java:61)
	at avlTree.AVLTree.delete(AVLTree.java:61)
	at avlTree.AVLTree.delete(AVLTree.java:61)
	at avlTree.AVLTree.delete(AVLTree.java:61)
	at avlTree.AVLTree.delete(AVLTree.java:61)
	at avlTree.AVLTree.delete(AVLTree.java:61)
	at avlTree.AVLTree.delete(AVLTree.java:61)
	at avlTree.AVLTree.delete(AVLTree.java:61)
	at avlTree.AVLTree.delete(AVLTree.java:61)
	at avlTree.AVLTree.delete(AVLTree.java:61)
	at avlTree.AVLTree.delete(AVLTree.java:61)
	at avlTree.AVLTree.delete(AVLTree.java:61)
	at avlTree.AVLTree.delete(AVLTree.java:61)
	at avlTree.AVLTree.delete(AVLTree.java:61)
	at avlTree.AVLTree.delete(AVLTree.java:61)
	at avlTree.AVLTree.delete(AVLTree.java:61)
	at avlTree.AVLTree.delete(AVLTree.java:61)
	at avlTree.AVLTree.delete(AVLTree.java:61)
	at avlTree.AVLTree.delete(AVLTree.java:61)
	at avlTree.AVLTree.delete(AVLTree.java:61)
	at avlTree.AVLTree.delete(AVLTree.java:61)
	at avlTree.AVLTree.delete(AVLTree.java:61)
	at avlTree.AVLTree.delete(AVLTree.java:61)
	at avlTree.AVLTree.delete(AVLTree.java:61)
	at avlTree.AVLTree.delete(AVLTree.java:61)
	at avlTree.AVLTree.delete(AVLTree.java:61)
	at avlTree.AVLTree.delete(AVLTree.java:61)
	at avlTree.AVLTree.delete(AVLTree.java:61)
	at avlTree.AVLTree.delete(AVLTree.java:61)
	at avlTree.AVLTree.delete(AVLTree.java:61)
	at avlTree.AVLTree.delete(AVLTree.java:61)
	at avlTree.AVLTree.delete(AVLTree.java:61)
	at avlTree.AVLTree.delete(AVLTree.java:61)
	at avlTree.AVLTree.delete(AVLTree.java:61)
	at avlTree.AVLTree.delete(AVLTree.java:61)
	at avlTree.AVLTree.delete(AVLTree.java:61)
	at avlTree.AVLTree.delete(AVLTree.java:61)
	at avlTree.AVLTree.delete(AVLTree.java:61)
	at avlTree.AVLTree.delete(AVLTree.java:61)
	at avlTree.AVLTree.delete(AVLTree.java:61)
	at avlTree.AVLTree.delete(AVLTree.java:61)
	at avlTree.AVLTree.delete(AVLTree.java:61)
	at avlTree.AVLTree.delete(AVLTree.java:61)
	at avlTree.AVLTree.delete(AVLTree.java:61)
	at avlTree.AVLTree.delete(AVLTree.java:61)
	at avlTree.AVLTree.delete(AVLTree.java:61)
	at avlTree.AVLTree.delete(AVLTree.java:61)
	at avlTree.AVLTree.delete(AVLTree.java:61)
	at avlTree.AVLTree.delete(AVLTree.java:61)
	at avlTree.AVLTree.delete(AVLTree.java:61)
	at avlTree.AVLTree.delete(AVLTree.java:61)
	at avlTree.AVLTree.delete(AVLTree.java:61)
	at avlTree.AVLTree.delete(AVLTree.java:61)
	at avlTree.AVLTree.delete(AVLTree.java:61)
	at avlTree.AVLTree.delete(AVLTree.java:61)
	at avlTree.AVLTree.delete(AVLTree.java:61)
	at avlTree.AVLTree.delete(AVLTree.java:61)
	at avlTree.AVLTree.delete(AVLTree.java:61)
	at avlTree.AVLTree.delete(AVLTree.java:61)
	at avlTree.AVLTree.delete(AVLTree.java:61)
	at avlTree.AVLTree.delete(AVLTree.java:61)
	at avlTree.AVLTree.delete(AVLTree.java:61)
	at avlTree.AVLTree.delete(AVLTree.java:61)
	at avlTree.AVLTree.delete(AVLTree.java:61)
	at avlTree.AVLTree.delete(AVLTree.java:61)
	at avlTree.AVLTree.delete(AVLTree.java:61)
	at avlTree.AVLTree.delete(AVLTree.java:61)
	at avlTree.AVLTree.delete(AVLTree.java:61)
	at avlTree.AVLTree.delete(AVLTree.java:61)
	at avlTree.AVLTree.delete(AVLTree.java:61)
	at avlTree.AVLTree.delete(AVLTree.java:61)
	at avlTree.AVLTree.delete(AVLTree.java:61)
	at avlTree.AVLTree.delete(AVLTree.java:61)
	at avlTree.AVLTree.delete(AVLTree.java:61)
	at avlTree.AVLTree.delete(AVLTree.java:61)
	at avlTree.AVLTree.delete(AVLTree.java:61)
	at avlTree.AVLTree.delete(AVLTree.java:61)
	at avlTree.AVLTree.delete(AVLTree.java:61)
	at avlTree.AVLTree.delete(AVLTree.java:61)
	at avlTree.AVLTree.delete(AVLTree.java:61)
	at avlTree.AVLTree.delete(AVLTree.java:61)
	at avlTree.AVLTree.delete(AVLTree.java:61)
	at avlTree.AVLTree.delete(AVLTree.java:61)
	at avlTree.AVLTree.delete(AVLTree.java:61)
	at avlTree.AVLTree.delete(AVLTree.java:61)
	at avlTree.AVLTree.delete(AVLTree.java:61)
	at avlTree.AVLTree.delete(AVLTree.java:61)
	at avlTree.AVLTree.delete(AVLTree.java:61)
	at avlTree.AVLTree.delete(AVLTree.java:61)
	at avlTree.AVLTree.delete(AVLTree.java:61)
	at avlTree.AVLTree.delete(AVLTree.java:61)
	at avlTree.AVLTree.delete(AVLTree.java:61)
	at avlTree.AVLTree.delete(AVLTree.java:61)
	at avlTree.AVLTree.delete(AVLTree.java:61)
	at avlTree.AVLTree.delete(AVLTree.java:61)
	at avlTree.AVLTree.delete(AVLTree.java:61)
	at avlTree.AVLTree.delete(AVLTree.java:61)
	at avlTree.AVLTree.delete(AVLTree.java:61)
	at avlTree.AVLTree.delete(AVLTree.java:61)
	at avlTree.AVLTree.delete(AVLTree.java:61)
	at avlTree.AVLTree.delete(AVLTree.java:61)
	at avlTree.AVLTree.delete(AVLTree.java:61)
	at avlTree.AVLTree.delete(AVLTree.java:61)
	at avlTree.AVLTree.delete(AVLTree.java:61)
	at avlTree.AVLTree.delete(AVLTree.java:61)
	at avlTree.AVLTree.delete(AVLTree.java:61)
	at avlTree.AVLTree.delete(AVLTree.java:61)
	at avlTree.AVLTree.delete(AVLTree.java:61)
	at avlTree.AVLTree.delete(AVLTree.java:61)
	at avlTree.AVLTree.delete(AVLTree.java:61)
	at avlTree.AVLTree.delete(AVLTree.java:61)
	at avlTree.AVLTree.delete(AVLTree.java:61)
	at avlTree.AVLTree.delete(AVLTree.java:61)
	at avlTree.AVLTree.delete(AVLTree.java:61)
	at avlTree.AVLTree.delete(AVLTree.java:61)
	at avlTree.AVLTree.delete(AVLTree.java:61)
	at avlTree.AVLTree.delete(AVLTree.java:61)
	at avlTree.AVLTree.delete(AVLTree.java:61)
	at avlTree.AVLTree.delete(AVLTree.java:61)
	at avlTree.AVLTree.delete(AVLTree.java:61)
	at avlTree.AVLTree.delete(AVLTree.java:61)
	at avlTree.AVLTree.delete(AVLTree.java:61)
	at avlTree.AVLTree.delete(AVLTree.java:61)
	at avlTree.AVLTree.delete(AVLTree.java:61)
	at avlTree.AVLTree.delete(AVLTree.java:61)
	at avlTree.AVLTree.delete(AVLTree.java:61)
	at avlTree.AVLTree.delete(AVLTree.java:61)
	at avlTree.AVLTree.delete(AVLTree.java:61)
	at avlTree.AVLTree.delete(AVLTree.java:61)
	at avlTree.AVLTree.delete(AVLTree.java:61)
	at avlTree.AVLTree.delete(AVLTree.java:61)
	at avlTree.AVLTree.delete(AVLTree.java:61)
	at avlTree.AVLTree.delete(AVLTree.java:61)
	at avlTree.AVLTree.delete(AVLTree.java:61)
	at avlTree.AVLTree.delete(AVLTree.java:61)
	at avlTree.AVLTree.delete(AVLTree.java:61)
	at avlTree.AVLTree.delete(AVLTree.java:61)
	at avlTree.AVLTree.delete(AVLTree.java:61)
	at avlTree.AVLTree.delete(AVLTree.java:61)
	at avlTree.AVLTree.delete(AVLTree.java:61)
	at avlTree.AVLTree.delete(AVLTree.java:61)
	at avlTree.AVLTree.delete(AVLTree.java:61)
	at avlTree.AVLTree.delete(AVLTree.java:61)
	at avlTree.AVLTree.delete(AVLTree.java:61)
	at avlTree.AVLTree.delete(AVLTree.java:61)
	at avlTree.AVLTree.delete(AVLTree.java:61)
	at avlTree.AVLTree.delete(AVLTree.java:61)
	at avlTree.AVLTree.delete(AVLTree.java:61)
	at avlTree.AVLTree.delete(AVLTree.java:61)
	at avlTree.AVLTree.delete(AVLTree.java:61)
	at avlTree.AVLTree.delete(AVLTree.java:61)
	at avlTree.AVLTree.delete(AVLTree.java:61)
	at avlTree.AVLTree.delete(AVLTree.java:61)
	at avlTree.AVLTree.delete(AVLTree.java:61)
	at avlTree.AVLTree.delete(AVLTree.java:61)
	at avlTree.AVLTree.delete(AVLTree.java:61)
	at avlTree.AVLTree.delete(AVLTree.java:61)
	at avlTree.AVLTree.delete(AVLTree.java:61)
	at avlTree.AVLTree.delete(AVLTree.java:61)
	at avlTree.AVLTree.delete(AVLTree.java:61)
	at avlTree.AVLTree.delete(AVLTree.java:61)
	at avlTree.AVLTree.delete(AVLTree.java:61)
	at avlTree.AVLTree.delete(AVLTree.java:61)
	at avlTree.AVLTree.delete(AVLTree.java:61)
	at avlTree.AVLTree.delete(AVLTree.java:61)
	at avlTree.AVLTree.delete(AVLTree.java:61)
	at avlTree.AVLTree.delete(AVLTree.java:61)
	at avlTree.AVLTree.delete(AVLTree.java:61)
	at avlTree.AVLTree.delete(AVLTree.java:61)
	at avlTree.AVLTree.delete(AVLTree.java:61)
	at avlTree.AVLTree.delete(AVLTree.java:61)
	at avlTree.AVLTree.delete(AVLTree.java:61)
	at avlTree.AVLTree.delete(AVLTree.java:61)
	at avlTree.AVLTree.delete(AVLTree.java:61)
	at avlTree.AVLTree.delete(AVLTree.java:61)
	at avlTree.AVLTree.delete(AVLTree.java:61)
	at avlTree.AVLTree.delete(AVLTree.java:61)
	at avlTree.AVLTree.delete(AVLTree.java:61)
	at avlTree.AVLTree.delete(AVLTree.java:61)
	at avlTree.AVLTree.delete(AVLTree.java:61)
	at avlTree.AVLTree.delete(AVLTree.java:61)
	at avlTree.AVLTree.delete(AVLTree.java:61)
	at avlTree.AVLTree.delete(AVLTree.java:61)
	at avlTree.AVLTree.delete(AVLTree.java:61)
	at avlTree.AVLTree.delete(AVLTree.java:61)
	at avlTree.AVLTree.delete(AVLTree.java:61)
	at avlTree.AVLTree.delete(AVLTree.java:61)
	at avlTree.AVLTree.delete(AVLTree.java:61)
	at avlTree.AVLTree.delete(AVLTree.java:61)
	at avlTree.AVLTree.delete(AVLTree.java:61)
	at avlTree.AVLTree.delete(AVLTree.java:61)
	at avlTree.AVLTree.delete(AVLTree.java:61)
	at avlTree.AVLTree.delete(AVLTree.java:61)
	at avlTree.AVLTree.delete(AVLTree.java:61)
	at avlTree.AVLTree.delete(AVLTree.java:61)
	at avlTree.AVLTree.delete(AVLTree.java:61)
	at avlTree.AVLTree.delete(AVLTree.java:61)
	at avlTree.AVLTree.delete(AVLTree.java:61)
	at avlTree.AVLTree.delete(AVLTree.java:61)
	at avlTree.AVLTree.delete(AVLTree.java:61)
	at avlTree.AVLTree.delete(AVLTree.java:61)
	at avlTree.AVLTree.delete(AVLTree.java:61)
	at avlTree.AVLTree.delete(AVLTree.java:61)
	at avlTree.AVLTree.delete(AVLTree.java:61)
	at avlTree.AVLTree.delete(AVLTree.java:61)
	at avlTree.AVLTree.delete(AVLTree.java:61)
	at avlTree.AVLTree.delete(AVLTree.java:61)
	at avlTree.AVLTree.delete(AVLTree.java:61)
	at avlTree.AVLTree.delete(AVLTree.java:61)
	at avlTree.AVLTree.delete(AVLTree.java:61)
	at avlTree.AVLTree.delete(AVLTree.java:61)
	at avlTree.AVLTree.delete(AVLTree.java:61)
	at avlTree.AVLTree.delete(AVLTree.java:61)
	at avlTree.AVLTree.delete(AVLTree.java:61)
	at avlTree.AVLTree.delete(AVLTree.java:61)
	at avlTree.AVLTree.delete(AVLTree.java:61)
	at avlTree.AVLTree.delete(AVLTree.java:61)
	at avlTree.AVLTree.delete(AVLTree.java:61)
	at avlTree.AVLTree.delete(AVLTree.java:61)
	at avlTree.AVLTree.delete(AVLTree.java:61)
	at avlTree.AVLTree.delete(AVLTree.java:61)
	at avlTree.AVLTree.delete(AVLTree.java:61)
	at avlTree.AVLTree.delete(AVLTree.java:61)
	at avlTree.AVLTree.delete(AVLTree.java:61)
	at avlTree.AVLTree.delete(AVLTree.java:61)
	at avlTree.AVLTree.delete(AVLTree.java:61)
	at avlTree.AVLTree.delete(AVLTree.java:61)
	at avlTree.AVLTree.delete(AVLTree.java:61)
	at avlTree.AVLTree.delete(AVLTree.java:61)
	at avlTree.AVLTree.delete(AVLTree.java:61)
	at avlTree.AVLTree.delete(AVLTree.java:61)
	at avlTree.AVLTree.delete(AVLTree.java:61)
	at avlTree.AVLTree.delete(AVLTree.java:61)
	at avlTree.AVLTree.delete(AVLTree.java:61)
	at avlTree.AVLTree.delete(AVLTree.java:61)
	at avlTree.AVLTree.delete(AVLTree.java:61)
	at avlTree.AVLTree.delete(AVLTree.java:61)
	at avlTree.AVLTree.delete(AVLTree.java:61)
	at avlTree.AVLTree.delete(AVLTree.java:61)
	at avlTree.AVLTree.delete(AVLTree.java:61)
	at avlTree.AVLTree.delete(AVLTree.java:61)
	at avlTree.AVLTree.delete(AVLTree.java:61)
	at avlTree.AVLTree.delete(AVLTree.java:61)
	at avlTree.AVLTree.delete(AVLTree.java:61)
	at avlTree.AVLTree.delete(AVLTree.java:61)
	at avlTree.AVLTree.delete(AVLTree.java:61)
	at avlTree.AVLTree.delete(AVLTree.java:61)
	at avlTree.AVLTree.delete(AVLTree.java:61)
	at avlTree.AVLTree.delete(AVLTree.java:61)
	at avlTree.AVLTree.delete(AVLTree.java:61)
	at avlTree.AVLTree.delete(AVLTree.java:61)
	at avlTree.AVLTree.delete(AVLTree.java:61)
	at avlTree.AVLTree.delete(AVLTree.java:61)
	at avlTree.AVLTree.delete(AVLTree.java:61)
	at avlTree.AVLTree.delete(AVLTree.java:61)
	at avlTree.AVLTree.delete(AVLTree.java:61)
	at avlTree.AVLTree.delete(AVLTree.java:61)
	at avlTree.AVLTree.delete(AVLTree.java:61)
	at avlTree.AVLTree.delete(AVLTree.java:61)
	at avlTree.AVLTree.delete(AVLTree.java:61)
	at avlTree.AVLTree.delete(AVLTree.java:61)
	at avlTree.AVLTree.delete(AVLTree.java:61)
	at avlTree.AVLTree.delete(AVLTree.java:61)
	at avlTree.AVLTree.delete(AVLTree.java:61)
	at avlTree.AVLTree.delete(AVLTree.java:61)
	at avlTree.AVLTree.delete(AVLTree.java:61)
	at avlTree.AVLTree.delete(AVLTree.java:61)
	at avlTree.AVLTree.delete(AVLTree.java:61)
	at avlTree.AVLTree.delete(AVLTree.java:61)
	at avlTree.AVLTree.delete(AVLTree.java:61)
	at avlTree.AVLTree.delete(AVLTree.java:61)
	at avlTree.AVLTree.delete(AVLTree.java:61)
	at avlTree.AVLTree.delete(AVLTree.java:61)
	at avlTree.AVLTree.delete(AVLTree.java:61)
	at avlTree.AVLTree.delete(AVLTree.java:61)
	at avlTree.AVLTree.delete(AVLTree.java:61)
	at avlTree.AVLTree.delete(AVLTree.java:61)
	at avlTree.AVLTree.delete(AVLTree.java:61)
	at avlTree.AVLTree.delete(AVLTree.java:61)
	at avlTree.AVLTree.delete(AVLTree.java:61)
	at avlTree.AVLTree.delete(AVLTree.java:61)
	at avlTree.AVLTree.delete(AVLTree.java:61)
	at avlTree.AVLTree.delete(AVLTree.java:61)
	at avlTree.AVLTree.delete(AVLTree.java:61)
	at avlTree.AVLTree.delete(AVLTree.java:61)
	at avlTree.AVLTree.delete(AVLTree.java:61)
	at avlTree.AVLTree.delete(AVLTree.java:61)
	at avlTree.AVLTree.delete(AVLTree.java:61)
	at avlTree.AVLTree.delete(AVLTree.java:61)
	at avlTree.AVLTree.delete(AVLTree.java:61)
	at avlTree.AVLTree.delete(AVLTree.java:61)
	at avlTree.AVLTree.delete(AVLTree.java:61)
	at avlTree.AVLTree.delete(AVLTree.java:61)
	at avlTree.AVLTree.delete(AVLTree.java:61)
	at avlTree.AVLTree.delete(AVLTree.java:61)
	at avlTree.AVLTree.delete(AVLTree.java:61)
	at avlTree.AVLTree.delete(AVLTree.java:61)
	at avlTree.AVLTree.delete(AVLTree.java:61)
	at avlTree.AVLTree.delete(AVLTree.java:61)
	at avlTree.AVLTree.delete(AVLTree.java:61)
	at avlTree.AVLTree.delete(AVLTree.java:61)
	at avlTree.AVLTree.delete(AVLTree.java:61)
	at avlTree.AVLTree.delete(AVLTree.java:61)
	at avlTree.AVLTree.delete(AVLTree.java:61)
	at avlTree.AVLTree.delete(AVLTree.java:61)
	at avlTree.AVLTree.delete(AVLTree.java:61)
	at avlTree.AVLTree.delete(AVLTree.java:61)
	at avlTree.AVLTree.delete(AVLTree.java:61)
	at avlTree.AVLTree.delete(AVLTree.java:61)
	at avlTree.AVLTree.delete(AVLTree.java:61)
	at avlTree.AVLTree.delete(AVLTree.java:61)
	at avlTree.AVLTree.delete(AVLTree.java:61)
	at avlTree.AVLTree.delete(AVLTree.java:61)
	at avlTree.AVLTree.delete(AVLTree.java:61)
	at avlTree.AVLTree.delete(AVLTree.java:61)
	at avlTree.AVLTree.delete(AVLTree.java:61)
	at avlTree.AVLTree.delete(AVLTree.java:61)
	at avlTree.AVLTree.delete(AVLTree.java:61)
	at avlTree.AVLTree.delete(AVLTree.java:61)
	at avlTree.AVLTree.delete(AVLTree.java:61)
	at avlTree.AVLTree.delete(AVLTree.java:61)
	at avlTree.AVLTree.delete(AVLTree.java:61)
	at avlTree.AVLTree.delete(AVLTree.java:61)
	at avlTree.AVLTree.delete(AVLTree.java:61)
	at avlTree.AVLTree.delete(AVLTree.java:61)
	at avlTree.AVLTree.delete(AVLTree.java:61)
	at avlTree.AVLTree.delete(AVLTree.java:61)
	at avlTree.AVLTree.delete(AVLTree.java:61)
	at avlTree.AVLTree.delete(AVLTree.java:61)
	at avlTree.AVLTree.delete(AVLTree.java:61)
	at avlTree.AVLTree.delete(AVLTree.java:61)
	at avlTree.AVLTree.delete(AVLTree.java:61)
	at avlTree.AVLTree.delete(AVLTree.java:61)
	at avlTree.AVLTree.delete(AVLTree.java:61)
	at avlTree.AVLTree.delete(AVLTree.java:61)
	at avlTree.AVLTree.delete(AVLTree.java:61)
	at avlTree.AVLTree.delete(AVLTree.java:61)
	at avlTree.AVLTree.delete(AVLTree.java:61)
	at avlTree.AVLTree.delete(AVLTree.java:61)
	at avlTree.AVLTree.delete(AVLTree.java:61)
	at avlTree.AVLTree.delete(AVLTree.java:61)
	at avlTree.AVLTree.delete(AVLTree.java:61)
	at avlTree.AVLTree.delete(AVLTree.java:61)
	at avlTree.AVLTree.delete(AVLTree.java:61)
	at avlTree.AVLTree.delete(AVLTree.java:61)
	at avlTree.AVLTree.delete(AVLTree.java:61)
	at avlTree.AVLTree.delete(AVLTree.java:61)
	at avlTree.AVLTree.delete(AVLTree.java:61)
	at avlTree.AVLTree.delete(AVLTree.java:61)
	at avlTree.AVLTree.delete(AVLTree.java:61)
	at avlTree.AVLTree.delete(AVLTree.java:61)
	at avlTree.AVLTree.delete(AVLTree.java:61)
	at avlTree.AVLTree.delete(AVLTree.java:61)
	at avlTree.AVLTree.delete(AVLTree.java:61)
	at avlTree.AVLTree.delete(AVLTree.java:61)
	at avlTree.AVLTree.delete(AVLTree.java:61)
	at avlTree.AVLTree.delete(AVLTree.java:61)
	at avlTree.AVLTree.delete(AVLTree.java:61)
	at avlTree.AVLTree.delete(AVLTree.java:61)
	at avlTree.AVLTree.delete(AVLTree.java:61)
	at avlTree.AVLTree.delete(AVLTree.java:61)
	at avlTree.AVLTree.delete(AVLTree.java:61)
	at avlTree.AVLTree.delete(AVLTree.java:61)
	at avlTree.AVLTree.delete(AVLTree.java:61)
	at avlTree.AVLTree.delete(AVLTree.java:61)
	at avlTree.AVLTree.delete(AVLTree.java:61)
	at avlTree.AVLTree.delete(AVLTree.java:61)
	at avlTree.AVLTree.delete(AVLTree.java:61)
	at avlTree.AVLTree.delete(AVLTree.java:61)
	at avlTree.AVLTree.delete(AVLTree.java:61)
	at avlTree.AVLTree.delete(AVLTree.java:61)
	at avlTree.AVLTree.delete(AVLTree.java:61)
	at avlTree.AVLTree.delete(AVLTree.java:61)
	at avlTree.AVLTree.delete(AVLTree.java:61)
	at avlTree.AVLTree.delete(AVLTree.java:61)
	at avlTree.AVLTree.delete(AVLTree.java:61)
	at avlTree.AVLTree.delete(AVLTree.java:61)
	at avlTree.AVLTree.delete(AVLTree.java:61)
	at avlTree.AVLTree.delete(AVLTree.java:61)
	at avlTree.AVLTree.delete(AVLTree.java:61)
	at avlTree.AVLTree.delete(AVLTree.java:61)
	at avlTree.AVLTree.delete(AVLTree.java:61)
	at avlTree.AVLTree.delete(AVLTree.java:61)
	at avlTree.AVLTree.delete(AVLTree.java:61)
	at avlTree.AVLTree.delete(AVLTree.java:61)
	at avlTree.AVLTree.delete(AVLTree.java:61)
	at avlTree.AVLTree.delete(AVLTree.java:61)
	at avlTree.AVLTree.delete(AVLTree.java:61)
	at avlTree.AVLTree.delete(AVLTree.java:61)
	at avlTree.AVLTree.delete(AVLTree.java:61)
	at avlTree.AVLTree.delete(AVLTree.java:61)
	at avlTree.AVLTree.delete(AVLTree.java:61)
	at avlTree.AVLTree.delete(AVLTree.java:61)
	at avlTree.AVLTree.delete(AVLTree.java:61)
	at avlTree.AVLTree.delete(AVLTree.java:61)
	at avlTree.AVLTree.delete(AVLTree.java:61)
	at avlTree.AVLTree.delete(AVLTree.java:61)
	at avlTree.AVLTree.delete(AVLTree.java:61)
	at avlTree.AVLTree.delete(AVLTree.java:61)
	at avlTree.AVLTree.delete(AVLTree.java:61)
	at avlTree.AVLTree.delete(AVLTree.java:61)
	at avlTree.AVLTree.delete(AVLTree.java:61)
	at avlTree.AVLTree.delete(AVLTree.java:61)
	at avlTree.AVLTree.delete(AVLTree.java:61)
	at avlTree.AVLTree.delete(AVLTree.java:61)
	at avlTree.AVLTree.delete(AVLTree.java:61)
	at avlTree.AVLTree.delete(AVLTree.java:61)
	at avlTree.AVLTree.delete(AVLTree.java:61)
	at avlTree.AVLTree.delete(AVLTree.java:61)
	at avlTree.AVLTree.delete(AVLTree.java:61)
	at avlTree.AVLTree.delete(AVLTree.java:61)
	at avlTree.AVLTree.delete(AVLTree.java:61)
	at avlTree.AVLTree.delete(AVLTree.java:61)
	at avlTree.AVLTree.delete(AVLTree.java:61)
	at avlTree.AVLTree.delete(AVLTree.java:61)
	at avlTree.AVLTree.delete(AVLTree.java:61)
	at avlTree.AVLTree.delete(AVLTree.java:61)
	at avlTree.AVLTree.delete(AVLTree.java:61)
	at avlTree.AVLTree.delete(AVLTree.java:61)
	at avlTree.AVLTree.delete(AVLTree.java:61)
	at avlTree.AVLTree.delete(AVLTree.java:61)
	at avlTree.AVLTree.delete(AVLTree.java:61)
	at avlTree.AVLTree.delete(AVLTree.java:61)
	at avlTree.AVLTree.delete(AVLTree.java:61)
	at avlTree.AVLTree.delete(AVLTree.java:61)
	at avlTree.AVLTree.delete(AVLTree.java:61)
	at avlTree.AVLTree.delete(AVLTree.java:61)
	at avlTree.AVLTree.delete(AVLTree.java:61)
	at avlTree.AVLTree.delete(AVLTree.java:61)
	at avlTree.AVLTree.delete(AVLTree.java:61)
	at avlTree.AVLTree.delete(AVLTree.java:61)
	at avlTree.AVLTree.delete(AVLTree.java:61)
	at avlTree.AVLTree.delete(AVLTree.java:61)
	at avlTree.AVLTree.delete(AVLTree.java:61)
	at avlTree.AVLTree.delete(AVLTree.java:61)
	at avlTree.AVLTree.delete(AVLTree.java:61)
	at avlTree.AVLTree.delete(AVLTree.java:61)
	at avlTree.AVLTree.delete(AVLTree.java:61)
	at avlTree.AVLTree.delete(AVLTree.java:61)
	at avlTree.AVLTree.delete(AVLTree.java:61)
	at avlTree.AVLTree.delete(AVLTree.java:61)
	at avlTree.AVLTree.delete(AVLTree.java:61)
	at avlTree.AVLTree.delete(AVLTree.java:61)
	at avlTree.AVLTree.delete(AVLTree.java:61)
	at avlTree.AVLTree.delete(AVLTree.java:61)
	at avlTree.AVLTree.delete(AVLTree.java:61)
	at avlTree.AVLTree.delete(AVLTree.java:61)
	at avlTree.AVLTree.delete(AVLTree.java:61)
	at avlTree.AVLTree.delete(AVLTree.java:61)
	at avlTree.AVLTree.delete(AVLTree.java:61)
	at avlTree.AVLTree.delete(AVLTree.java:61)
	at avlTree.AVLTree.delete(AVLTree.java:61)
	at avlTree.AVLTree.delete(AVLTree.java:61)
	at avlTree.AVLTree.delete(AVLTree.java:61)
	at avlTree.AVLTree.delete(AVLTree.java:61)
	at avlTree.AVLTree.delete(AVLTree.java:61)
	at avlTree.AVLTree.delete(AVLTree.java:61)
	at avlTree.AVLTree.delete(AVLTree.java:61)
	at avlTree.AVLTree.delete(AVLTree.java:61)
	at avlTree.AVLTree.delete(AVLTree.java:61)
	at avlTree.AVLTree.delete(AVLTree.java:61)
	at avlTree.AVLTree.delete(AVLTree.java:61)
	at avlTree.AVLTree.delete(AVLTree.java:61)
	at avlTree.AVLTree.delete(AVLTree.java:61)
	at avlTree.AVLTree.delete(AVLTree.java:61)
	at avlTree.AVLTree.delete(AVLTree.java:61)
	at avlTree.AVLTree.delete(AVLTree.java:61)
	at avlTree.AVLTree.delete(AVLTree.java:61)
	at avlTree.AVLTree.delete(AVLTree.java:61)
	at avlTree.AVLTree.delete(AVLTree.java:61)
	at avlTree.AVLTree.delete(AVLTree.java:61)
	at avlTree.AVLTree.delete(AVLTree.java:61)
	at avlTree.AVLTree.delete(AVLTree.java:61)
	at avlTree.AVLTree.delete(AVLTree.java:61)
	at avlTree.AVLTree.delete(AVLTree.java:61)
	at avlTree.AVLTree.delete(AVLTree.java:61)
	at avlTree.AVLTree.delete(AVLTree.java:61)
	at avlTree.AVLTree.delete(AVLTree.java:61)
	at avlTree.AVLTree.delete(AVLTree.java:61)
	at avlTree.AVLTree.delete(AVLTree.java:61)
	at avlTree.AVLTree.delete(AVLTree.java:61)
	at avlTree.AVLTree.delete(AVLTree.java:61)
	at avlTree.AVLTree.delete(AVLTree.java:61)
	at avlTree.AVLTree.delete(AVLTree.java:61)
	at avlTree.AVLTree.delete(AVLTree.java:61)
	at avlTree.AVLTree.delete(AVLTree.java:61)
	at avlTree.AVLTree.delete(AVLTree.java:61)
	at avlTree.AVLTree.delete(AVLTree.java:61)
	at avlTree.AVLTree.delete(AVLTree.java:61)
	at avlTree.AVLTree.delete(AVLTree.java:61)
	at avlTree.AVLTree.delete(AVLTree.java:61)
	at avlTree.AVLTree.delete(AVLTree.java:61)
	at avlTree.AVLTree.delete(AVLTree.java:61)
	at avlTree.AVLTree.delete(AVLTree.java:61)
	at avlTree.AVLTree.delete(AVLTree.java:61)
	at avlTree.AVLTree.delete(AVLTree.java:61)
	at avlTree.AVLTree.delete(AVLTree.java:61)
	at avlTree.AVLTree.delete(AVLTree.java:61)
	at avlTree.AVLTree.delete(AVLTree.java:61)
	at avlTree.AVLTree.delete(AVLTree.java:61)
	at avlTree.AVLTree.delete(AVLTree.java:61)
	at avlTree.AVLTree.delete(AVLTree.java:61)
	at avlTree.AVLTree.delete(AVLTree.java:61)
	at avlTree.AVLTree.delete(AVLTree.java:61)
	at avlTree.AVLTree.delete(AVLTree.java:61)
	at avlTree.AVLTree.delete(AVLTree.java:61)
	at avlTree.AVLTree.delete(AVLTree.java:61)
	at avlTree.AVLTree.delete(AVLTree.java:61)
	at avlTree.AVLTree.delete(AVLTree.java:61)
	at avlTree.AVLTree.delete(AVLTree.java:61)
	at avlTree.AVLTree.delete(AVLTree.java:61)
	at avlTree.AVLTree.delete(AVLTree.java:61)
	at avlTree.AVLTree.delete(AVLTree.java:61)
	at avlTree.AVLTree.delete(AVLTree.java:61)
	at avlTree.AVLTree.delete(AVLTree.java:61)
	at avlTree.AVLTree.delete(AVLTree.java:61)
	at avlTree.AVLTree.delete(AVLTree.java:61)
	at avlTree.AVLTree.delete(AVLTree.java:61)
	at avlTree.AVLTree.delete(AVLTree.java:61)
	at avlTree.AVLTree.delete(AVLTree.java:61)
	at avlTree.AVLTree.delete(AVLTree.java:61)
	at avlTree.AVLTree.delete(AVLTree.java:61)
	at avlTree.AVLTree.delete(AVLTree.java:61)
	at avlTree.AVLTree.delete(AVLTree.java:61)
	at avlTree.AVLTree.delete(AVLTree.java:61)
	at avlTree.AVLTree.delete(AVLTree.java:61)
	at avlTree.AVLTree.delete(AVLTree.java:61)
	at avlTree.AVLTree.delete(AVLTree.java:61)
	at avlTree.AVLTree.delete(AVLTree.java:61)
	at avlTree.AVLTree.delete(AVLTree.java:61)
	at avlTree.AVLTree.delete(AVLTree.java:61)
	at avlTree.AVLTree.delete(AVLTree.java:61)
	at avlTree.AVLTree.delete(AVLTree.java:61)
	at avlTree.AVLTree.delete(AVLTree.java:61)
	at avlTree.AVLTree.delete(AVLTree.java:61)
	at avlTree.AVLTree.delete(AVLTree.java:61)
	at avlTree.AVLTree.delete(AVLTree.java:61)
	at avlTree.AVLTree.delete(AVLTree.java:61)
	at avlTree.AVLTree.delete(AVLTree.java:61)
	at avlTree.AVLTree.delete(AVLTree.java:61)
	at avlTree.AVLTree.delete(AVLTree.java:61)
	at avlTree.AVLTree.delete(AVLTree.java:61)
	at avlTree.AVLTree.delete(AVLTree.java:61)
	at avlTree.AVLTree.delete(AVLTree.java:61)
	at avlTree.AVLTree.delete(AVLTree.java:61)
	at avlTree.AVLTree.delete(AVLTree.java:61)
	at avlTree.AVLTree.delete(AVLTree.java:61)
	at avlTree.AVLTree.delete(AVLTree.java:61)
	at avlTree.AVLTree.delete(AVLTree.java:61)
	at avlTree.AVLTree.delete(AVLTree.java:61)
	at avlTree.AVLTree.delete(AVLTree.java:61)
	at avlTree.AVLTree.delete(AVLTree.java:61)
	at avlTree.AVLTree.delete(AVLTree.java:61)
	at avlTree.AVLTree.delete(AVLTree.java:61)
	at avlTree.AVLTree.delete(AVLTree.java:61)
	at avlTree.AVLTree.delete(AVLTree.java:61)
	at avlTree.AVLTree.delete(AVLTree.java:61)
	at avlTree.AVLTree.delete(AVLTree.java:61)
	at avlTree.AVLTree.delete(AVLTree.java:61)
	at avlTree.AVLTree.delete(AVLTree.java:61)
	at avlTree.AVLTree.delete(AVLTree.java:61)
	at avlTree.AVLTree.delete(AVLTree.java:61)
	at avlTree.AVLTree.delete(AVLTree.java:61)
	at avlTree.AVLTree.delete(AVLTree.java:61)
	at avlTree.AVLTree.delete(AVLTree.java:61)
	at avlTree.AVLTree.delete(AVLTree.java:61)
	at avlTree.AVLTree.delete(AVLTree.java:61)
	at avlTree.AVLTree.delete(AVLTree.java:61)
	at avlTree.AVLTree.delete(AVLTree.java:61)
	at avlTree.AVLTree.delete(AVLTree.java:61)
	at avlTree.AVLTree.delete(AVLTree.java:61)
	at avlTree.AVLTree.delete(AVLTree.java:61)
	at avlTree.AVLTree.delete(AVLTree.java:61)
	at avlTree.AVLTree.delete(AVLTree.java:61)
	at avlTree.AVLTree.delete(AVLTree.java:61)
	at avlTree.AVLTree.delete(AVLTree.java:61)
	at avlTree.AVLTree.delete(AVLTree.java:61)
	at avlTree.AVLTree.delete(AVLTree.java:61)
	at avlTree.AVLTree.delete(AVLTree.java:61)
	at avlTree.AVLTree.delete(AVLTree.java:61)
	at avlTree.AVLTree.delete(AVLTree.java:61)
	at avlTree.AVLTree.delete(AVLTree.java:61)
	at avlTree.AVLTree.delete(AVLTree.java:61)
	at avlTree.AVLTree.delete(AVLTree.java:61)
	at avlTree.AVLTree.delete(AVLTree.java:61)
	at avlTree.AVLTree.delete(AVLTree.java:61)
	at avlTree.AVLTree.delete(AVLTree.java:61)
	at avlTree.AVLTree.delete(AVLTree.java:61)
	at avlTree.AVLTree.delete(AVLTree.java:61)
	at avlTree.AVLTree.delete(AVLTree.java:61)
	at avlTree.AVLTree.delete(AVLTree.java:61)
	at avlTree.AVLTree.delete(AVLTree.java:61)
	at avlTree.AVLTree.delete(AVLTree.java:61)
	at avlTree.AVLTree.delete(AVLTree.java:61)
	at avlTree.AVLTree.delete(AVLTree.java:61)
	at avlTree.AVLTree.delete(AVLTree.java:61)
	at avlTree.AVLTree.delete(AVLTree.java:61)
	at avlTree.AVLTree.delete(AVLTree.java:61)
	at avlTree.AVLTree.delete(AVLTree.java:61)
	at avlTree.AVLTree.delete(AVLTree.java:61)
	at avlTree.AVLTree.delete(AVLTree.java:61)
	at avlTree.AVLTree.delete(AVLTree.java:61)
	at avlTree.AVLTree.delete(AVLTree.java:61)
	at avlTree.AVLTree.delete(AVLTree.java:61)
	at avlTree.AVLTree.delete(AVLTree.java:61)
	at avlTree.AVLTree.delete(AVLTree.java:61)
	at avlTree.AVLTree.delete(AVLTree.java:61)
	at avlTree.AVLTree.delete(AVLTree.java:61)
	at avlTree.AVLTree.delete(AVLTree.java:61)
	at avlTree.AVLTree.delete(AVLTree.java:61)
	at avlTree.AVLTree.delete(AVLTree.java:61)
	at avlTree.AVLTree.delete(AVLTree.java:61)
	at avlTree.AVLTree.delete(AVLTree.java:61)
	at avlTree.AVLTree.delete(AVLTree.java:61)
	at avlTree.AVLTree.delete(AVLTree.java:61)
	at avlTree.AVLTree.delete(AVLTree.java:61)
	at avlTree.AVLTree.delete(AVLTree.java:61)
	at avlTree.AVLTree.delete(AVLTree.java:61)
	at avlTree.AVLTree.delete(AVLTree.java:61)
	at avlTree.AVLTree.delete(AVLTree.java:61)
	at avlTree.AVLTree.delete(AVLTree.java:61)
	at avlTree.AVLTree.delete(AVLTree.java:61)
	at avlTree.AVLTree.delete(AVLTree.java:61)
	at avlTree.AVLTree.delete(AVLTree.java:61)
	at avlTree.AVLTree.delete(AVLTree.java:61)
	at avlTree.AVLTree.delete(AVLTree.java:61)
	at avlTree.AVLTree.delete(AVLTree.java:61)
	at avlTree.AVLTree.delete(AVLTree.java:61)
	at avlTree.AVLTree.delete(AVLTree.java:61)
	at avlTree.AVLTree.delete(AVLTree.java:61)
	at avlTree.AVLTree.delete(AVLTree.java:61)
	at avlTree.AVLTree.delete(AVLTree.java:61)
	at avlTree.AVLTree.delete(AVLTree.java:61)
	at avlTree.AVLTree.delete(AVLTree.java:61)
	at avlTree.AVLTree.delete(AVLTree.java:61)
	at avlTree.AVLTree.delete(AVLTree.java:61)
	at avlTree.AVLTree.delete(AVLTree.java:61)
	at avlTree.AVLTree.delete(AVLTree.java:61)
	at avlTree.AVLTree.delete(AVLTree.java:61)
	at avlTree.AVLTree.delete(AVLTree.java:61)
	at avlTree.AVLTree.delete(AVLTree.java:61)
	at avlTree.AVLTree.delete(AVLTree.java:61)
	at avlTree.AVLTree.delete(AVLTree.java:61)
	at avlTree.AVLTree.delete(AVLTree.java:61)
	at avlTree.AVLTree.delete(AVLTree.java:61)
	at avlTree.AVLTree.delete(AVLTree.java:61)
	at avlTree.AVLTree.delete(AVLTree.java:61)
	at avlTree.AVLTree.delete(AVLTree.java:61)
	at avlTree.AVLTree.delete(AVLTree.java:61)
	at avlTree.AVLTree.delete(AVLTree.java:61)
	at avlTree.AVLTree.delete(AVLTree.java:61)
	at avlTree.AVLTree.delete(AVLTree.java:61)
	at avlTree.AVLTree.delete(AVLTree.java:61)
	at avlTree.AVLTree.delete(AVLTree.java:61)
	at avlTree.AVLTree.delete(AVLTree.java:61)
	at avlTree.AVLTree.delete(AVLTree.java:61)
	at avlTree.AVLTree.delete(AVLTree.java:61)
	at avlTree.AVLTree.delete(AVLTree.java:61)
	at avlTree.AVLTree.delete(AVLTree.java:61)
	at avlTree.AVLTree.delete(AVLTree.java:61)
	at avlTree.AVLTree.delete(AVLTree.java:61)
	at avlTree.AVLTree.delete(AVLTree.java:61)
	at avlTree.AVLTree.delete(AVLTree.java:61)
	at avlTree.AVLTree.delete(AVLTree.java:61)
	at avlTree.AVLTree.delete(AVLTree.java:61)
	at avlTree.AVLTree.delete(AVLTree.java:61)
	at avlTree.AVLTree.delete(AVLTree.java:61)
	at avlTree.AVLTree.delete(AVLTree.java:61)
	at avlTree.AVLTree.delete(AVLTree.java:61)
	at avlTree.AVLTree.delete(AVLTree.java:61)
	at avlTree.AVLTree.delete(AVLTree.java:61)
	at avlTree.AVLTree.delete(AVLTree.java:61)
	at avlTree.AVLTree.delete(AVLTree.java:61)
	at avlTree.AVLTree.delete(AVLTree.java:61)
	at avlTree.AVLTree.delete(AVLTree.java:61)
	at avlTree.AVLTree.delete(AVLTree.java:61)
	at avlTree.AVLTree.delete(AVLTree.java:61)
	at avlTree.AVLTree.delete(AVLTree.java:61)
	at avlTree.AVLTree.delete(AVLTree.java:61)
	at avlTree.AVLTree.delete(AVLTree.java:61)
	at avlTree.AVLTree.delete(AVLTree.java:61)
	at avlTree.AVLTree.delete(AVLTree.java:61)
	at avlTree.AVLTree.delete(AVLTree.java:61)
	at avlTree.AVLTree.delete(AVLTree.java:61)
	at avlTree.AVLTree.delete(AVLTree.java:61)
	at avlTree.AVLTree.delete(AVLTree.java:61)
	at avlTree.AVLTree.delete(AVLTree.java:61)
	at avlTree.AVLTree.delete(AVLTree.java:61)
	at avlTree.AVLTree.delete(AVLTree.java:61)
	at avlTree.AVLTree.delete(AVLTree.java:61)
	at avlTree.AVLTree.delete(AVLTree.java:61)
	at avlTree.AVLTree.delete(AVLTree.java:61)
	at avlTree.AVLTree.delete(AVLTree.java:61)
	at avlTree.AVLTree.delete(AVLTree.java:61)
	at avlTree.AVLTree.delete(AVLTree.java:61)
	at avlTree.AVLTree.delete(AVLTree.java:61)
	at avlTree.AVLTree.delete(AVLTree.java:61)
	at avlTree.AVLTree.delete(AVLTree.java:61)
	at avlTree.AVLTree.delete(AVLTree.java:61)
	at avlTree.AVLTree.delete(AVLTree.java:61)
	at avlTree.AVLTree.delete(AVLTree.java:61)
	at avlTree.AVLTree.delete(AVLTree.java:61)
	at avlTree.AVLTree.delete(AVLTree.java:61)
	at avlTree.AVLTree.delete(AVLTree.java:61)
	at avlTree.AVLTree.delete(AVLTree.java:61)
	at avlTree.AVLTree.delete(AVLTree.java:61)
	at avlTree.AVLTree.delete(AVLTree.java:61)
	at avlTree.AVLTree.delete(AVLTree.java:61)
	at avlTree.AVLTree.delete(AVLTree.java:61)
	at avlTree.AVLTree.delete(AVLTree.java:61)
	at avlTree.AVLTree.delete(AVLTree.java:61)
	at avlTree.AVLTree.delete(AVLTree.java:61)
	at avlTree.AVLTree.delete(AVLTree.java:61)
	at avlTree.AVLTree.delete(AVLTree.java:61)
	at avlTree.AVLTree.delete(AVLTree.java:61)
	at avlTree.AVLTree.delete(AVLTree.java:61)
	at avlTree.AVLTree.delete(AVLTree.java:61)
	at avlTree.AVLTree.delete(AVLTree.java:61)
	at avlTree.AVLTree.delete(AVLTree.java:61)
	at avlTree.AVLTree.delete(AVLTree.java:61)
	at avlTree.AVLTree.delete(AVLTree.java:61)
	at avlTree.AVLTree.delete(AVLTree.java:61)
	at avlTree.AVLTree.delete(AVLTree.java:61)
	at avlTree.AVLTree.delete(AVLTree.java:61)
	at avlTree.AVLTree.delete(AVLTree.java:61)
	at avlTree.AVLTree.delete(AVLTree.java:61)
	at avlTree.AVLTree.delete(AVLTree.java:61)
	at avlTree.AVLTree.delete(AVLTree.java:61)
	at avlTree.AVLTree.delete(AVLTree.java:61)
	at avlTree.AVLTree.delete(AVLTree.java:61)
	at avlTree.AVLTree.delete(AVLTree.java:61)
	at avlTree.AVLTree.delete(AVLTree.java:61)
	at avlTree.AVLTree.delete(AVLTree.java:61)
	at avlTree.AVLTree.delete(AVLTree.java:61)
	at avlTree.AVLTree.delete(AVLTree.java:61)
	at avlTree.AVLTree.delete(AVLTree.java:61)
	at avlTree.AVLTree.delete(AVLTree.java:61)
	at avlTree.AVLTree.delete(AVLTree.java:61)
	at avlTree.AVLTree.delete(AVLTree.java:61)
	at avlTree.AVLTree.delete(AVLTree.java:61)
	at avlTree.AVLTree.delete(AVLTree.java:61)
	at avlTree.AVLTree.delete(AVLTree.java:61)
	at avlTree.AVLTree.delete(AVLTree.java:61)
	at avlTree.AVLTree.delete(AVLTree.java:61)
	at avlTree.AVLTree.delete(AVLTree.java:61)
	at avlTree.AVLTree.delete(AVLTree.java:61)
	at avlTree.AVLTree.delete(AVLTree.java:61)
	at avlTree.AVLTree.delete(AVLTree.java:61)
	at avlTree.AVLTree.delete(AVLTree.java:61)
	at avlTree.AVLTree.delete(AVLTree.java:61)
	at avlTree.AVLTree.delete(AVLTree.java:61)
	at avlTree.AVLTree.delete(AVLTree.java:61)
	at avlTree.AVLTree.delete(AVLTree.java:61)
	at avlTree.AVLTree.delete(AVLTree.java:61)
	at avlTree.AVLTree.delete(AVLTree.java:61)
	at avlTree.AVLTree.delete(AVLTree.java:61)
	at avlTree.AVLTree.delete(AVLTree.java:61)
	at avlTree.AVLTree.delete(AVLTree.java:61)
	at avlTree.AVLTree.delete(AVLTree.java:61)
	at avlTree.AVLTree.delete(AVLTree.java:61)
	at avlTree.AVLTree.delete(AVLTree.java:61)
	at avlTree.AVLTree.delete(AVLTree.java:61)
	at avlTree.AVLTree.delete(AVLTree.java:61)
	at avlTree.AVLTree.delete(AVLTree.java:61)
	at avlTree.AVLTree.delete(AVLTree.java:61)
	at avlTree.AVLTree.delete(AVLTree.java:61)
	at avlTree.AVLTree.delete(AVLTree.java:61)
	at avlTree.AVLTree.delete(AVLTree.java:61)
	at avlTree.AVLTree.delete(AVLTree.java:61)
	at avlTree.AVLTree.delete(AVLTree.java:61)
	at avlTree.AVLTree.delete(AVLTree.java:61)
	at avlTree.AVLTree.delete(AVLTree.java:61)
	at avlTree.AVLTree.delete(AVLTree.java:61)
	at avlTree.AVLTree.delete(AVLTree.java:61)
	at avlTree.AVLTree.delete(AVLTree.java:61)
	at avlTree.AVLTree.delete(AVLTree.java:61)
	at avlTree.AVLTree.delete(AVLTree.java:61)
	at avlTree.AVLTree.delete(AVLTree.java:61)
	at avlTree.AVLTree.delete(AVLTree.java:61)
	at avlTree.AVLTree.delete(AVLTree.java:61)
	at avlTree.AVLTree.delete(AVLTree.java:61)
	at avlTree.AVLTree.delete(AVLTree.java:61)
	at avlTree.AVLTree.delete(AVLTree.java:61)
	at avlTree.AVLTree.delete(AVLTree.java:61)
	at avlTree.AVLTree.delete(AVLTree.java:61)
	at avlTree.AVLTree.delete(AVLTree.java:61)
	at avlTree.AVLTree.delete(AVLTree.java:61)
	at avlTree.AVLTree.delete(AVLTree.java:61)
	at avlTree.AVLTree.delete(AVLTree.java:61)
	at avlTree.AVLTree.delete(AVLTree.java:61)
	at avlTree.AVLTree.delete(AVLTree.java:61)
	at avlTree.AVLTree.delete(AVLTree.java:61)
	at avlTree.AVLTree.delete(AVLTree.java:61)
	at avlTree.AVLTree.delete(AVLTree.java:61)
	at avlTree.AVLTree.delete(AVLTree.java:61)
	at avlTree.AVLTree.delete(AVLTree.java:61)
	at avlTree.AVLTree.delete(AVLTree.java:61)
	at avlTree.AVLTree.delete(AVLTree.java:61)
	at avlTree.AVLTree.delete(AVLTree.java:61)
	at avlTree.AVLTree.delete(AVLTree.java:61)
	at avlTree.AVLTree.delete(AVLTree.java:61)
	at avlTree.AVLTree.delete(AVLTree.java:61)
	at avlTree.AVLTree.delete(AVLTree.java:61)
	at avlTree.AVLTree.delete(AVLTree.java:61)
	at avlTree.AVLTree.delete(AVLTree.java:61)
	at avlTree.AVLTree.delete(AVLTree.java:61)
	at avlTree.AVLTree.delete(AVLTree.java:61)
	at avlTree.AVLTree.delete(AVLTree.java:61)
	at avlTree.AVLTree.delete(AVLTree.java:61)
	at avlTree.AVLTree.delete(AVLTree.java:61)
	at avlTree.AVLTree.delete(AVLTree.java:61)
	at avlTree.AVLTree.delete(AVLTree.java:61)
	at avlTree.AVLTree.delete(AVLTree.java:61)
	at avlTree.AVLTree.delete(AVLTree.java:61)
	at avlTree.AVLTree.delete(AVLTree.java:61)
	at avlTree.AVLTree.delete(AVLTree.java:61)
	at avlTree.AVLTree.delete(AVLTree.java:61)
	at avlTree.AVLTree.delete(AVLTree.java:61)
	at avlTree.AVLTree.delete(AVLTree.java:61)
	at avlTree.AVLTree.delete(AVLTree.java:61)
	at avlTree.AVLTree.delete(AVLTree.java:61)
	at avlTree.AVLTree.delete(AVLTree.java:61)
	at avlTree.AVLTree.delete(AVLTree.java:61)
	at avlTree.AVLTree.delete(AVLTree.java:61)
	at avlTree.AVLTree.delete(AVLTree.java:61)
	at avlTree.AVLTree.delete(AVLTree.java:61)
	at avlTree.AVLTree.delete(AVLTree.java:61)
	at avlTree.AVLTree.delete(AVLTree.java:61)
	at avlTree.AVLTree.delete(AVLTree.java:61)
	at avlTree.AVLTree.delete(AVLTree.java:61)
	at avlTree.AVLTree.delete(AVLTree.java:61)
	at avlTree.AVLTree.delete(AVLTree.java:61)
	at avlTree.AVLTree.delete(AVLTree.java:61)
	at avlTree.AVLTree.delete(AVLTree.java:61)
	at avlTree.AVLTree.delete(AVLTree.java:61)
	at avlTree.AVLTree.delete(AVLTree.java:61)
	at avlTree.AVLTree.delete(AVLTree.java:61)
	at avlTree.AVLTree.delete(AVLTree.java:61)
	at avlTree.AVLTree.delete(AVLTree.java:61)
	at avlTree.AVLTree.delete(AVLTree.java:61)
	at avlTree.AVLTree.delete(AVLTree.java:61)
	at avlTree.AVLTree.delete(AVLTree.java:61)
	at avlTree.AVLTree.delete(AVLTree.java:61)
	at avlTree.AVLTree.delete(AVLTree.java:61)
	at avlTree.AVLTree.delete(AVLTree.java:61)
	at avlTree.AVLTree.delete(AVLTree.java:61)
	at avlTree.AVLTree.delete(AVLTree.java:61)
	at avlTree.AVLTree.delete(AVLTree.java:61)
	at avlTree.AVLTree.delete(AVLTree.java:61)
	at avlTree.AVLTree.delete(AVLTree.java:61)
	at avlTree.AVLTree.delete(AVLTree.java:61)
	at avlTree.AVLTree.delete(AVLTree.java:61)
	at avlTree.AVLTree.delete(AVLTree.java:61)
	at avlTree.AVLTree.delete(AVLTree.java:61)
	at avlTree.AVLTree.delete(AVLTree.java:61)
	at avlTree.AVLTree.delete(AVLTree.java:61)
	at avlTree.AVLTree.delete(AVLTree.java:61)
	at avlTree.AVLTree.delete(AVLTree.java:61)
	at avlTree.AVLTree.delete(AVLTree.java:61)
	at avlTree.AVLTree.delete(AVLTree.java:61)
	at avlTree.AVLTree.delete(AVLTree.java:61)
	at avlTree.AVLTree.delete(AVLTree.java:61)
	at avlTree.AVLTree.delete(AVLTree.java:61)
	at avlTree.AVLTree.delete(AVLTree.java:61)
	at avlTree.AVLTree.delete(AVLTree.java:61)
	at avlTree.AVLTree.delete(AVLTree.java:61)
	at avlTree.AVLTree.delete(AVLTree.java:61)
	at avlTree.AVLTree.delete(AVLTree.java:61)
	at avlTree.AVLTree.delete(AVLTree.java:61)
	at avlTree.AVLTree.delete(AVLTree.java:61)
	at avlTree.AVLTree.delete(AVLTree.java:61)
	at avlTree.AVLTree.delete(AVLTree.java:61)
	at avlTree.AVLTree.delete(AVLTree.java:61)
	at avlTree.AVLTree.delete(AVLTree.java:61)
	at avlTree.AVLTree.delete(AVLTree.java:61)
	at avlTree.AVLTree.delete(AVLTree.java:61)
	at avlTree.AVLTree.delete(AVLTree.java:61)
	at avlTree.AVLTree.delete(AVLTree.java:61)
	at avlTree.AVLTree.delete(AVLTree.java:61)
	at avlTree.AVLTree.delete(AVLTree.java:61)
	at avlTree.AVLTree.delete(AVLTree.java:61)
	at avlTree.AVLTree.delete(AVLTree.java:61)
	at avlTree.AVLTree.delete(AVLTree.java:61)
	at avlTree.AVLTree.delete(AVLTree.java:61)
	at avlTree.AVLTree.delete(AVLTree.java:61)
	at avlTree.AVLTree.delete(AVLTree.java:61)
	at avlTree.AVLTree.delete(AVLTree.java:61)
	at avlTree.AVLTree.delete(AVLTree.java:61)
	at avlTree.AVLTree.delete(AVLTree.java:61)
	at avlTree.AVLTree.delete(AVLTree.java:61)
	at avlTree.AVLTree.delete(AVLTree.java:61)
	at avlTree.AVLTree.delete(AVLTree.java:61)
	at avlTree.AVLTree.delete(AVLTree.java:61)
	at avlTree.AVLTree.delete(AVLTree.java:61)
	at avlTree.AVLTree.delete(AVLTree.java:61)
	at avlTree.AVLTree.delete(AVLTree.java:61)
	at avlTree.AVLTree.delete(AVLTree.java:61)
	at avlTree.AVLTree.delete(AVLTree.java:61)
	at avlTree.AVLTree.delete(AVLTree.java:61)
	at avlTree.AVLTree.delete(AVLTree.java:61)
	at avlTree.AVLTree.delete(AVLTree.java:61)
	at avlTree.AVLTree.delete(AVLTree.java:61)
	at avlTree.AVLTree.delete(AVLTree.java:61)
	at avlTree.AVLTree.delete(AVLTree.java:61)
	at avlTree.AVLTree.delete(AVLTree.java:61)
	at avlTree.AVLTree.delete(AVLTree.java:61)
	at avlTree.AVLTree.delete(AVLTree.java:61)
	at avlTree.AVLTree.delete(AVLTree.java:61)
	at avlTree.AVLTree.delete(AVLTree.java:61)
	at avlTree.AVLTree.delete(AVLTree.java:61)
	at avlTree.AVLTree.delete(AVLTree.java:61)
	at avlTree.AVLTree.delete(AVLTree.java:61)
	at avlTree.AVLTree.delete(AVLTree.java:61)
	at avlTree.AVLTree.delete(AVLTree.java:61)
	at avlTree.AVLTree.delete(AVLTree.java:61)
	at avlTree.AVLTree.delete(AVLTree.java:61)
	at avlTree.AVLTree.delete(AVLTree.java:61)
	at avlTree.AVLTree.delete(AVLTree.java:61)
	at avlTree.AVLTree.delete(AVLTree.java:61)
	at avlTree.AVLTree.delete(AVLTree.java:61)
	at avlTree.AVLTree.delete(AVLTree.java:61)
	at avlTree.AVLTree.delete(AVLTree.java:61)
	at avlTree.AVLTree.delete(AVLTree.java:61)
	at avlTree.AVLTree.delete(AVLTree.java:61)
	at avlTree.AVLTree.delete(AVLTree.java:61)
	at avlTree.AVLTree.delete(AVLTree.java:61)
	at avlTree.AVLTree.delete(AVLTree.java:61)
	at avlTree.AVLTree.delete(AVLTree.java:61)
	at avlTree.AVLTree.delete(AVLTree.java:61)
	at avlTree.AVLTree.delete(AVLTree.java:61)
	at avlTree.AVLTree.delete(AVLTree.java:61)
	at avlTree.AVLTree.delete(AVLTree.java:61)
	at avlTree.AVLTree.delete(AVLTree.java:61)
	at avlTree.AVLTree.delete(AVLTree.java:61)
	at avlTree.AVLTree.delete(AVLTree.java:61)
	at avlTree.AVLTree.delete(AVLTree.java:61)
	at avlTree.AVLTree.delete(AVLTree.java:61)
	at avlTree.AVLTree.delete(AVLTree.java:61)
	at avlTree.AVLTree.delete(AVLTree.java:61)
	at avlTree.AVLTree.delete(AVLTree.java:61)
	at avlTree.AVLTree.delete(AVLTree.java:61)
	at avlTree.AVLTree.delete(AVLTree.java:61)
	at avlTree.AVLTree.delete(AVLTree.java:61)
	at avlTree.AVLTree.delete(AVLTree.java:61)
	at avlTree.AVLTree.delete(AVLTree.java:61)
	at avlTree.AVLTree.delete(AVLTree.java:61)
	at avlTree.AVLTree.delete(AVLTree.java:61)
	at avlTree.AVLTree.delete(AVLTree.java:61)
	at avlTree.AVLTree.delete(AVLTree.java:61)
	at avlTree.AVLTree.delete(AVLTree.java:61)
	at avlTree.AVLTree.delete(AVLTree.java:61)
	at avlTree.AVLTree.delete(AVLTree.java:61)
	at avlTree.AVLTree.delete(AVLTree.java:61)
	at avlTree.AVLTree.delete(AVLTree.java:61)
	at avlTree.AVLTree.delete(AVLTree.java:61)
	at avlTree.AVLTree.delete(AVLTree.java:61)
	at avlTree.AVLTree.delete(AVLTree.java:61)
	at avlTree.AVLTree.delete(AVLTree.java:61)
	at avlTree.AVLTree.delete(AVLTree.java:61)
	at avlTree.AVLTree.delete(AVLTree.java:61)
	at avlTree.AVLTree.delete(AVLTree.java:61)
	at avlTree.AVLTree.delete(AVLTree.java:61)
	at avlTree.AVLTree.delete(AVLTree.java:61)
	at avlTree.AVLTree.delete(AVLTree.java:61)
	at avlTree.AVLTree.delete(AVLTree.java:61)
	at avlTree.AVLTree.delete(AVLTree.java:61)
	at avlTree.AVLTree.delete(AVLTree.java:61)
	at avlTree.AVLTree.delete(AVLTree.java:61)
	at avlTree.AVLTree.delete(AVLTree.java:61)
	at avlTree.AVLTree.delete(AVLTree.java:61)
	at avlTree.AVLTree.delete(AVLTree.java:61)
	at avlTree.AVLTree.delete(AVLTree.java:61)
	at avlTree.AVLTree.delete(AVLTree.java:61)
	at avlTree.AVLTree.delete(AVLTree.java:61)
	at avlTree.AVLTree.delete(AVLTree.java:61)
	at avlTree.AVLTree.delete(AVLTree.java:61)
	at avlTree.AVLTree.delete(AVLTree.java:61)
	at avlTree.AVLTree.delete(AVLTree.java:61)
	at avlTree.AVLTree.delete(AVLTree.java:61)
	at avlTree.AVLTree.delete(AVLTree.java:61)
	at avlTree.AVLTree.delete(AVLTree.java:61)
	at avlTree.AVLTree.delete(AVLTree.java:61)
	at avlTree.AVLTree.delete(AVLTree.java:61)
	at avlTree.AVLTree.delete(AVLTree.java:61)
	at avlTree.AVLTree.delete(AVLTree.java:61)
	at avlTree.AVLTree.delete(AVLTree.java:61)
	at avlTree.AVLTree.delete(AVLTree.java:61)
	at avlTree.AVLTree.delete(AVLTree.java:61)
	at avlTree.AVLTree.delete(AVLTree.java:61)
	at avlTree.AVLTree.delete(AVLTree.java:61)
	at avlTree.AVLTree.delete(AVLTree.java:61)
	at avlTree.AVLTree.delete(AVLTree.java:61)
	at avlTree.AVLTree.delete(AVLTree.java:61)
	at avlTree.AVLTree.delete(AVLTree.java:61)
	at avlTree.AVLTree.delete(AVLTree.java:61)

